<?xml version="1.0" encoding="UTF-8"?>
<!-- Generated by org.testng.reporters.JUnitXMLReporter -->
<testsuite ignored="1" hostname="LTIN274991" failures="0" tests="15" name="Default test" time="0.546" errors="0" timestamp="2024-02-27T19:53:30 IST">
  <testcase classname="TestBase.BaseClass" name="@BeforeSuite setup" time="-1.709043810273E9">
    <failure type="org.testng.TestNGException" message="
Parameter &amp;apos;browser&amp;apos; is required by BeforeSuite on method setup but has not been marked @Optional or defined
in C:\Users\2304103\AppData\Local\Temp\6\testng-eclipse-1275193690\testng-customsuite.xml">
      <![CDATA[org.testng.TestNGException: 
Parameter 'browser' is required by BeforeSuite on method setup but has not been marked @Optional or defined
in C:\Users\2304103\AppData\Local\Temp\6\testng-eclipse-1275193690\testng-customsuite.xml
at org.testng.internal.Parameters.createParams(Parameters.java:267)
at org.testng.internal.Parameters.createParametersForMethod(Parameters.java:355)
at org.testng.internal.Parameters.createParameters(Parameters.java:693)
at org.testng.internal.Parameters.createConfigurationParameters(Parameters.java:166)
at org.testng.internal.invokers.ConfigInvoker.invokeConfigurations(ConfigInvoker.java:306)
at org.testng.SuiteRunner.privateRun(SuiteRunner.java:382)
at org.testng.SuiteRunner.run(SuiteRunner.java:336)
at org.testng.SuiteRunnerWorker.runSuite(SuiteRunnerWorker.java:52)
at org.testng.SuiteRunnerWorker.run(SuiteRunnerWorker.java:95)
at org.testng.TestNG.runSuitesSequentially(TestNG.java:1301)
at org.testng.TestNG.runSuitesLocally(TestNG.java:1228)
at org.testng.TestNG.runSuites(TestNG.java:1134)
at org.testng.TestNG.run(TestNG.java:1101)
at org.testng.remote.AbstractRemoteTestNG.run(AbstractRemoteTestNG.java:115)
at org.testng.remote.RemoteTestNG.initAndRun(RemoteTestNG.java:251)
at org.testng.remote.RemoteTestNG.main(RemoteTestNG.java:77)
]]>
    </failure>
  </testcase> <!-- @BeforeSuite setup -->
  <testcase classname="TestCases.TC02_FormFilling" name="formFilling" time="0.0">
    <skipped/>
  </testcase> <!-- formFilling -->
  <testcase classname="TestCases.TC02FormFilling" name="givefirstName" time="0.001">
    <skipped/>
  </testcase> <!-- givefirstName -->
  <testcase classname="TestCases.TC02FormFilling" name="givelastName" time="0.0">
    <skipped/>
  </testcase> <!-- givelastName -->
  <testcase classname="TestCases.TC02FormFilling" name="giveEmail" time="0.0">
    <skipped/>
  </testcase> <!-- giveEmail -->
  <testcase classname="TestCases.TC02FormFilling" name="givePhoneNumber" time="0.0">
    <skipped/>
  </testcase> <!-- givePhoneNumber -->
  <testcase classname="TestCases.TC02FormFilling" name="SelectInstituteType" time="0.0">
    <skipped/>
  </testcase> <!-- SelectInstituteType -->
  <testcase classname="TestCases.TC02FormFilling" name="giveInstituteName" time="0.0">
    <skipped/>
  </testcase> <!-- giveInstituteName -->
  <testcase classname="TestCases.TC02FormFilling" name="SelectJobRole" time="0.0">
    <skipped/>
  </testcase> <!-- SelectJobRole -->
  <testcase classname="TestCases.TC02FormFilling" name="SelectDepartment" time="0.0">
    <skipped/>
  </testcase> <!-- SelectDepartment -->
  <testcase classname="TestCases.TC02FormFilling" name="SelectNeed" time="0.0">
    <skipped/>
  </testcase> <!-- SelectNeed -->
  <testcase classname="TestCases.TC02FormFilling" name="SelectNoofLearners" time="0.0">
    <skipped/>
  </testcase> <!-- SelectNoofLearners -->
  <testcase classname="TestCases.TC02FormFilling" name="SelectCountry" time="0.0">
    <skipped/>
  </testcase> <!-- SelectCountry -->
  <testcase classname="TestCases.TC02FormFilling" name="SelectState" time="0.001">
    <skipped/>
  </testcase> <!-- SelectState -->
  <testcase classname="TestCases.TC02FormFilling" name="ClickSubmitBtn" time="0.0">
    <skipped/>
  </testcase> <!-- ClickSubmitBtn -->
  <testcase classname="TestCases.TC02FormFilling" name="getErrorMsg" time="0.0">
    <skipped/>
  </testcase> <!-- getErrorMsg -->
  <testcase classname="TestBase.BaseClass" name="@BeforeSuite setup" time="0.0">
    <ignored/>
  </testcase> <!-- @BeforeSuite setup -->
</testsuite> <!-- Default test -->
