<?xml version="1.0" encoding="UTF-8"?>
<!-- Generated by org.testng.reporters.JUnitXMLReporter -->
<testsuite ignored="2" hostname="LTIN274991" failures="0" tests="20" name="Test" time="108.625" errors="0" timestamp="2024-03-03T20:19:57 IST">
  <testcase classname="TestCases.TC01_SearchCourse" name="search" time="15.126"/>
  <testcase classname="TestCases.TC01_SearchCourse" name="selectLang" time="10.117"/>
  <testcase classname="TestCases.TC01_SearchCourse" name="selectLevel" time="2.709"/>
  <testcase classname="TestCases.TC01_SearchCourse" name="courseTitleandRating" time="19.729"/>
  <testcase classname="TestCases.TC01_SearchCourse" name="Excelwrite" time="2.749"/>
  <testcase classname="TestCases.TC03_FormFilling" name="forcampus" time="13.198"/>
  <testcase classname="TestCases.TC03_FormFilling" name="givefirstName" time="5.277"/>
  <testcase classname="TestCases.TC03_FormFilling" name="givelastName" time="0.226"/>
  <testcase classname="TestCases.TC03_FormFilling" name="giveEmail" time="0.214"/>
  <testcase classname="TestCases.TC03_FormFilling" name="givePhoneNumber" time="0.18"/>
  <testcase classname="TestCases.TC03_FormFilling" name="SelectInstituteType" time="0.486"/>
  <testcase classname="TestCases.TC03_FormFilling" name="giveInstituteName" time="0.221"/>
  <testcase classname="TestCases.TC03_FormFilling" name="SelectJobRole" time="0.505"/>
  <testcase classname="TestCases.TC03_FormFilling" name="SelectDepartment" time="0.434"/>
  <testcase classname="TestCases.TC03_FormFilling" name="SelectNeed" time="1.352"/>
  <testcase classname="TestCases.TC03_FormFilling" name="SelectNoofLearners" time="0.553"/>
  <testcase classname="TestCases.TC03_FormFilling" name="SelectCountry" time="0.348"/>
  <testcase classname="TestCases.TC03_FormFilling" name="SelectState" time="0.297"/>
  <testcase classname="TestCases.TC03_FormFilling" name="ClickSubmitBtn" time="0.144"/>
  <testcase classname="TestCases.TC03_FormFilling" name="getErrorMsg" time="0.099"/>
  <testcase classname="TestBase.TestNGBaseClass" name="@BeforeTest setup" time="0.0">
    <ignored/>
  </testcase> <!-- @BeforeTest setup -->
  <testcase classname="TestBase.TestNGBaseClass" name="@AfterSuite close" time="0.0">
    <ignored/>
  </testcase> <!-- @AfterSuite close -->
</testsuite> <!-- Test -->
