<?xml version="1.0" encoding="UTF-8"?>
<testng-results ignored="0" total="20" passed="20" failed="0" skipped="0">
  <reporter-output>
  </reporter-output>
  <suite started-at="2024-03-03T20:17:56 IST" name="Suite" finished-at="2024-03-03T20:19:44 IST" duration-ms="108625">
    <groups>
    </groups>
    <test started-at="2024-03-03T20:17:56 IST" name="Test" finished-at="2024-03-03T20:19:44 IST" duration-ms="108625">
      <class name="TestCases.TC03_FormFilling">
        <test-method signature="forcampus()[pri:1, instance:TestCases.TC03_FormFilling@7ce026d3]" started-at="2024-03-03T20:19:16 IST" name="forcampus" finished-at="2024-03-03T20:19:29 IST" duration-ms="13198" status="PASS">
          <reporter-output>
          </reporter-output>
        </test-method> <!-- forcampus -->
        <test-method signature="givefirstName()[pri:1, instance:TestCases.TC03_FormFilling@7ce026d3]" started-at="2024-03-03T20:19:30 IST" name="givefirstName" finished-at="2024-03-03T20:19:35 IST" depends-on-methods="TestCases.TC03_FormFilling.forcampus" duration-ms="5277" status="PASS">
          <reporter-output>
          </reporter-output>
        </test-method> <!-- givefirstName -->
        <test-method signature="givelastName()[pri:2, instance:TestCases.TC03_FormFilling@7ce026d3]" started-at="2024-03-03T20:19:35 IST" name="givelastName" finished-at="2024-03-03T20:19:35 IST" duration-ms="226" status="PASS">
          <reporter-output>
          </reporter-output>
        </test-method> <!-- givelastName -->
        <test-method signature="giveEmail()[pri:3, instance:TestCases.TC03_FormFilling@7ce026d3]" started-at="2024-03-03T20:19:36 IST" name="giveEmail" finished-at="2024-03-03T20:19:36 IST" duration-ms="214" status="PASS">
          <reporter-output>
          </reporter-output>
        </test-method> <!-- giveEmail -->
        <test-method signature="givePhoneNumber()[pri:4, instance:TestCases.TC03_FormFilling@7ce026d3]" started-at="2024-03-03T20:19:36 IST" name="givePhoneNumber" finished-at="2024-03-03T20:19:36 IST" duration-ms="180" status="PASS">
          <reporter-output>
          </reporter-output>
        </test-method> <!-- givePhoneNumber -->
        <test-method signature="SelectInstituteType()[pri:5, instance:TestCases.TC03_FormFilling@7ce026d3]" started-at="2024-03-03T20:19:36 IST" name="SelectInstituteType" finished-at="2024-03-03T20:19:37 IST" duration-ms="486" status="PASS">
          <reporter-output>
          </reporter-output>
        </test-method> <!-- SelectInstituteType -->
        <test-method signature="giveInstituteName()[pri:6, instance:TestCases.TC03_FormFilling@7ce026d3]" started-at="2024-03-03T20:19:37 IST" name="giveInstituteName" finished-at="2024-03-03T20:19:37 IST" duration-ms="221" status="PASS">
          <reporter-output>
          </reporter-output>
        </test-method> <!-- giveInstituteName -->
        <test-method signature="SelectJobRole()[pri:7, instance:TestCases.TC03_FormFilling@7ce026d3]" started-at="2024-03-03T20:19:38 IST" name="SelectJobRole" finished-at="2024-03-03T20:19:38 IST" duration-ms="505" status="PASS">
          <reporter-output>
          </reporter-output>
        </test-method> <!-- SelectJobRole -->
        <test-method signature="SelectDepartment()[pri:8, instance:TestCases.TC03_FormFilling@7ce026d3]" started-at="2024-03-03T20:19:39 IST" name="SelectDepartment" finished-at="2024-03-03T20:19:39 IST" duration-ms="434" status="PASS">
          <reporter-output>
          </reporter-output>
        </test-method> <!-- SelectDepartment -->
        <test-method signature="SelectNeed()[pri:9, instance:TestCases.TC03_FormFilling@7ce026d3]" started-at="2024-03-03T20:19:39 IST" name="SelectNeed" finished-at="2024-03-03T20:19:41 IST" duration-ms="1352" status="PASS">
          <reporter-output>
          </reporter-output>
        </test-method> <!-- SelectNeed -->
        <test-method signature="SelectNoofLearners()[pri:10, instance:TestCases.TC03_FormFilling@7ce026d3]" started-at="2024-03-03T20:19:41 IST" name="SelectNoofLearners" finished-at="2024-03-03T20:19:42 IST" depends-on-methods="TestCases.TC03_FormFilling.SelectNeed" duration-ms="553" status="PASS">
          <reporter-output>
          </reporter-output>
        </test-method> <!-- SelectNoofLearners -->
        <test-method signature="SelectCountry()[pri:11, instance:TestCases.TC03_FormFilling@7ce026d3]" started-at="2024-03-03T20:19:42 IST" name="SelectCountry" finished-at="2024-03-03T20:19:42 IST" duration-ms="348" status="PASS">
          <reporter-output>
          </reporter-output>
        </test-method> <!-- SelectCountry -->
        <test-method signature="SelectState()[pri:12, instance:TestCases.TC03_FormFilling@7ce026d3]" started-at="2024-03-03T20:19:43 IST" name="SelectState" finished-at="2024-03-03T20:19:43 IST" depends-on-methods="TestCases.TC03_FormFilling.SelectCountry" duration-ms="297" status="PASS">
          <reporter-output>
          </reporter-output>
        </test-method> <!-- SelectState -->
        <test-method signature="ClickSubmitBtn()[pri:13, instance:TestCases.TC03_FormFilling@7ce026d3]" started-at="2024-03-03T20:19:43 IST" name="ClickSubmitBtn" finished-at="2024-03-03T20:19:43 IST" duration-ms="144" status="PASS">
          <reporter-output>
          </reporter-output>
        </test-method> <!-- ClickSubmitBtn -->
        <test-method signature="getErrorMsg()[pri:14, instance:TestCases.TC03_FormFilling@7ce026d3]" started-at="2024-03-03T20:19:44 IST" name="getErrorMsg" finished-at="2024-03-03T20:19:44 IST" duration-ms="99" status="PASS">
          <reporter-output>
          </reporter-output>
        </test-method> <!-- getErrorMsg -->
      </class> <!-- TestCases.TC03_FormFilling -->
      <class name="TestCases.TC01_SearchCourse">
        <test-method is-config="true" signature="setup(java.lang.String)[pri:0, instance:TestCases.TC01_SearchCourse@353352b6]" started-at="2024-03-03T20:17:56 IST" name="setup" finished-at="2024-03-03T20:18:22 IST" duration-ms="26014" status="PASS">
          <params>
            <param index="0">
              <value>
                <![CDATA[chrome]]>
              </value>
            </param>
          </params>
          <reporter-output>
          </reporter-output>
        </test-method> <!-- setup -->
        <test-method signature="search()[pri:1, instance:TestCases.TC01_SearchCourse@353352b6]" started-at="2024-03-03T20:18:23 IST" name="search" finished-at="2024-03-03T20:18:38 IST" duration-ms="15126" status="PASS">
          <reporter-output>
          </reporter-output>
        </test-method> <!-- search -->
        <test-method signature="selectLang()[pri:2, instance:TestCases.TC01_SearchCourse@353352b6]" started-at="2024-03-03T20:18:38 IST" name="selectLang" finished-at="2024-03-03T20:18:48 IST" duration-ms="10117" status="PASS">
          <reporter-output>
          </reporter-output>
        </test-method> <!-- selectLang -->
        <test-method signature="selectLevel()[pri:3, instance:TestCases.TC01_SearchCourse@353352b6]" started-at="2024-03-03T20:18:49 IST" name="selectLevel" finished-at="2024-03-03T20:18:52 IST" duration-ms="2709" status="PASS">
          <reporter-output>
          </reporter-output>
        </test-method> <!-- selectLevel -->
        <test-method signature="courseTitleandRating()[pri:4, instance:TestCases.TC01_SearchCourse@353352b6]" started-at="2024-03-03T20:18:52 IST" name="courseTitleandRating" finished-at="2024-03-03T20:19:12 IST" duration-ms="19729" status="PASS">
          <reporter-output>
          </reporter-output>
        </test-method> <!-- courseTitleandRating -->
        <test-method signature="Excelwrite()[pri:5, instance:TestCases.TC01_SearchCourse@353352b6]" started-at="2024-03-03T20:19:12 IST" name="Excelwrite" finished-at="2024-03-03T20:19:15 IST" duration-ms="2749" status="PASS">
          <reporter-output>
          </reporter-output>
        </test-method> <!-- Excelwrite -->
        <test-method is-config="true" signature="close()[pri:0, instance:TestCases.TC01_SearchCourse@353352b6]" started-at="2024-03-03T20:19:57 IST" name="close" finished-at="2024-03-03T20:20:09 IST" duration-ms="11542" status="PASS">
          <reporter-output>
          </reporter-output>
        </test-method> <!-- close -->
      </class> <!-- TestCases.TC01_SearchCourse -->
    </test> <!-- Test -->
  </suite> <!-- Suite -->
</testng-results>
