<?xml version="1.0" encoding="UTF-8"?>
<testng-results ignored="0" total="20" passed="20" failed="0" skipped="0">
  <reporter-output>
  </reporter-output>
  <suite started-at="2024-03-03T19:46:02 IST" name="Suite" finished-at="2024-03-03T19:48:13 IST" duration-ms="131249">
    <groups>
    </groups>
    <test started-at="2024-03-03T19:46:02 IST" name="Test" finished-at="2024-03-03T19:48:13 IST" duration-ms="131249">
      <class name="TestCases.TC03_FormFilling">
        <test-method signature="forcampus()[pri:1, instance:TestCases.TC03_FormFilling@710636b0]" started-at="2024-03-03T19:47:39 IST" name="forcampus" finished-at="2024-03-03T19:47:54 IST" duration-ms="15063" status="PASS">
          <reporter-output>
          </reporter-output>
        </test-method> <!-- forcampus -->
        <test-method signature="givefirstName()[pri:1, instance:TestCases.TC03_FormFilling@710636b0]" started-at="2024-03-03T19:47:55 IST" name="givefirstName" finished-at="2024-03-03T19:48:01 IST" depends-on-methods="TestCases.TC03_FormFilling.forcampus" duration-ms="5589" status="PASS">
          <reporter-output>
          </reporter-output>
        </test-method> <!-- givefirstName -->
        <test-method signature="givelastName()[pri:2, instance:TestCases.TC03_FormFilling@710636b0]" started-at="2024-03-03T19:48:01 IST" name="givelastName" finished-at="2024-03-03T19:48:01 IST" duration-ms="626" status="PASS">
          <reporter-output>
          </reporter-output>
        </test-method> <!-- givelastName -->
        <test-method signature="giveEmail()[pri:3, instance:TestCases.TC03_FormFilling@710636b0]" started-at="2024-03-03T19:48:02 IST" name="giveEmail" finished-at="2024-03-03T19:48:02 IST" duration-ms="542" status="PASS">
          <reporter-output>
          </reporter-output>
        </test-method> <!-- giveEmail -->
        <test-method signature="givePhoneNumber()[pri:4, instance:TestCases.TC03_FormFilling@710636b0]" started-at="2024-03-03T19:48:03 IST" name="givePhoneNumber" finished-at="2024-03-03T19:48:03 IST" duration-ms="376" status="PASS">
          <reporter-output>
          </reporter-output>
        </test-method> <!-- givePhoneNumber -->
        <test-method signature="SelectInstituteType()[pri:5, instance:TestCases.TC03_FormFilling@710636b0]" started-at="2024-03-03T19:48:03 IST" name="SelectInstituteType" finished-at="2024-03-03T19:48:04 IST" duration-ms="799" status="PASS">
          <reporter-output>
          </reporter-output>
        </test-method> <!-- SelectInstituteType -->
        <test-method signature="giveInstituteName()[pri:6, instance:TestCases.TC03_FormFilling@710636b0]" started-at="2024-03-03T19:48:04 IST" name="giveInstituteName" finished-at="2024-03-03T19:48:05 IST" duration-ms="412" status="PASS">
          <reporter-output>
          </reporter-output>
        </test-method> <!-- giveInstituteName -->
        <test-method signature="SelectJobRole()[pri:7, instance:TestCases.TC03_FormFilling@710636b0]" started-at="2024-03-03T19:48:05 IST" name="SelectJobRole" finished-at="2024-03-03T19:48:06 IST" duration-ms="653" status="PASS">
          <reporter-output>
          </reporter-output>
        </test-method> <!-- SelectJobRole -->
        <test-method signature="SelectDepartment()[pri:8, instance:TestCases.TC03_FormFilling@710636b0]" started-at="2024-03-03T19:48:06 IST" name="SelectDepartment" finished-at="2024-03-03T19:48:07 IST" duration-ms="801" status="PASS">
          <reporter-output>
          </reporter-output>
        </test-method> <!-- SelectDepartment -->
        <test-method signature="SelectNeed()[pri:9, instance:TestCases.TC03_FormFilling@710636b0]" started-at="2024-03-03T19:48:07 IST" name="SelectNeed" finished-at="2024-03-03T19:48:09 IST" duration-ms="1494" status="PASS">
          <reporter-output>
          </reporter-output>
        </test-method> <!-- SelectNeed -->
        <test-method signature="SelectNoofLearners()[pri:10, instance:TestCases.TC03_FormFilling@710636b0]" started-at="2024-03-03T19:48:09 IST" name="SelectNoofLearners" finished-at="2024-03-03T19:48:09 IST" depends-on-methods="TestCases.TC03_FormFilling.SelectNeed" duration-ms="527" status="PASS">
          <reporter-output>
          </reporter-output>
        </test-method> <!-- SelectNoofLearners -->
        <test-method signature="SelectCountry()[pri:11, instance:TestCases.TC03_FormFilling@710636b0]" started-at="2024-03-03T19:48:10 IST" name="SelectCountry" finished-at="2024-03-03T19:48:10 IST" duration-ms="412" status="PASS">
          <reporter-output>
          </reporter-output>
        </test-method> <!-- SelectCountry -->
        <test-method signature="SelectState()[pri:12, instance:TestCases.TC03_FormFilling@710636b0]" started-at="2024-03-03T19:48:11 IST" name="SelectState" finished-at="2024-03-03T19:48:11 IST" depends-on-methods="TestCases.TC03_FormFilling.SelectCountry" duration-ms="456" status="PASS">
          <reporter-output>
          </reporter-output>
        </test-method> <!-- SelectState -->
        <test-method signature="ClickSubmitBtn()[pri:13, instance:TestCases.TC03_FormFilling@710636b0]" started-at="2024-03-03T19:48:11 IST" name="ClickSubmitBtn" finished-at="2024-03-03T19:48:12 IST" duration-ms="290" status="PASS">
          <reporter-output>
          </reporter-output>
        </test-method> <!-- ClickSubmitBtn -->
        <test-method signature="getErrorMsg()[pri:14, instance:TestCases.TC03_FormFilling@710636b0]" started-at="2024-03-03T19:48:13 IST" name="getErrorMsg" finished-at="2024-03-03T19:48:13 IST" duration-ms="143" status="PASS">
          <reporter-output>
          </reporter-output>
        </test-method> <!-- getErrorMsg -->
      </class> <!-- TestCases.TC03_FormFilling -->
      <class name="TestCases.TC01_SearchCourse">
        <test-method is-config="true" signature="setup(java.lang.String)[pri:0, instance:TestCases.TC01_SearchCourse@5c80cf32]" started-at="2024-03-03T19:46:03 IST" name="setup" finished-at="2024-03-03T19:46:31 IST" duration-ms="27429" status="PASS">
          <params>
            <param index="0">
              <value>
                <![CDATA[chrome]]>
              </value>
            </param>
          </params>
          <reporter-output>
          </reporter-output>
        </test-method> <!-- setup -->
        <test-method signature="search()[pri:1, instance:TestCases.TC01_SearchCourse@5c80cf32]" started-at="2024-03-03T19:46:31 IST" name="search" finished-at="2024-03-03T19:46:49 IST" duration-ms="18590" status="PASS">
          <reporter-output>
          </reporter-output>
        </test-method> <!-- search -->
        <test-method signature="selectLang()[pri:2, instance:TestCases.TC01_SearchCourse@5c80cf32]" started-at="2024-03-03T19:46:50 IST" name="selectLang" finished-at="2024-03-03T19:47:02 IST" duration-ms="12408" status="PASS">
          <reporter-output>
          </reporter-output>
        </test-method> <!-- selectLang -->
        <test-method signature="selectLevel()[pri:3, instance:TestCases.TC01_SearchCourse@5c80cf32]" started-at="2024-03-03T19:47:03 IST" name="selectLevel" finished-at="2024-03-03T19:47:08 IST" duration-ms="5189" status="PASS">
          <reporter-output>
          </reporter-output>
        </test-method> <!-- selectLevel -->
        <test-method signature="courseTitleandRating()[pri:4, instance:TestCases.TC01_SearchCourse@5c80cf32]" started-at="2024-03-03T19:47:09 IST" name="courseTitleandRating" finished-at="2024-03-03T19:47:34 IST" duration-ms="25565" status="PASS">
          <reporter-output>
          </reporter-output>
        </test-method> <!-- courseTitleandRating -->
        <test-method signature="Excelwrite()[pri:5, instance:TestCases.TC01_SearchCourse@5c80cf32]" started-at="2024-03-03T19:47:35 IST" name="Excelwrite" finished-at="2024-03-03T19:47:39 IST" duration-ms="3402" status="PASS">
          <reporter-output>
          </reporter-output>
        </test-method> <!-- Excelwrite -->
        <test-method is-config="true" signature="close()[pri:0, instance:TestCases.TC01_SearchCourse@5c80cf32]" started-at="2024-03-03T19:48:25 IST" name="close" finished-at="2024-03-03T19:48:37 IST" duration-ms="11767" status="PASS">
          <reporter-output>
          </reporter-output>
        </test-method> <!-- close -->
      </class> <!-- TestCases.TC01_SearchCourse -->
    </test> <!-- Test -->
  </suite> <!-- Suite -->
</testng-results>
